<?xml version="1.0" encoding="UTF-8"?>
<!-- Generated by org.testng.reporters.JUnitReportReporter -->
<testsuite hostname="DESKTOP-74QQ2KO" failures="0" tests="2" name="Testnglearn.Test1" time="0.017" errors="0" timestamp="2024-07-17T17:48:50 IST" skipped="0">
  <testcase classname="Testnglearn.Test1" name="ked" time="0.015"/>
  <testcase classname="Testnglearn.Test1" name="testsecong" time="0.002"/>
</testsuite> <!-- Testnglearn.Test1 -->
