<?xml version="1.0" encoding="UTF-8"?>
<!-- Generated by org.testng.reporters.JUnitReportReporter -->
<testsuite hostname="DESKTOP-74QQ2KO" failures="0" tests="2" name="Testnglearn.TEst2" time="0.010" errors="0" timestamp="2024-07-17T20:55:35 IST" skipped="0">
  <testcase classname="Testnglearn.TEst2" name="CASE1" time="0.007"/>
  <testcase classname="Testnglearn.TEst2" name="TEste3" time="0.003"/>
</testsuite> <!-- Testnglearn.TEst2 -->
